<?xml version="1.0" encoding="UTF-8"?>
<!-- Generated by org.testng.reporters.JUnitReportReporter -->
<testsuite hostname="Kundan" failures="0" tests="11" name="com.qa.opencart.tests.AccountsPageTest" time="0.044" errors="1" timestamp="2024-09-23T15:03:24 IST" skipped="10">
  <testcase classname="com.qa.opencart.tests.AccountsPageTest" name="searchTest" time="0.000">
    <skipped/>
  </testcase> <!-- searchTest -->
  <system-out/>
  <testcase classname="com.qa.opencart.tests.AccountsPageTest" name="searchCountTest" time="0.000">
    <skipped/>
  </testcase> <!-- searchCountTest -->
  <system-out/>
  <testcase classname="com.qa.opencart.tests.AccountsPageTest" name="setup" time="0.044">
    <error message="Unresolved compilation problem: 
	FrameworkException cannot be resolved to a type
" type="java.lang.Error">
      <![CDATA[java.lang.Error: Unresolved compilation problem: 
FrameworkException cannot be resolved to a type

at com.qa.opencart.factory.DriverFactory.initProp(DriverFactory.java:104)
at com.qa.opencart.base.BaseTest.setup(BaseTest.java:37)
at java.base/jdk.internal.reflect.NativeMethodAccessorImpl.invoke0(Native Method)
at java.base/jdk.internal.reflect.NativeMethodAccessorImpl.invoke(NativeMethodAccessorImpl.java:62)
at java.base/jdk.internal.reflect.DelegatingMethodAccessorImpl.invoke(DelegatingMethodAccessorImpl.java:43)
at java.base/java.lang.reflect.Method.invoke(Method.java:566)
at org.testng.internal.invokers.MethodInvocationHelper.invokeMethod(MethodInvocationHelper.java:139)
at org.testng.internal.invokers.MethodInvocationHelper.invokeMethodConsideringTimeout(MethodInvocationHelper.java:69)
at org.testng.internal.invokers.ConfigInvoker.invokeConfigurationMethod(ConfigInvoker.java:361)
at org.testng.internal.invokers.ConfigInvoker.invokeConfigurations(ConfigInvoker.java:296)
at org.testng.TestRunner.invokeTestConfigurations(TestRunner.java:644)
at org.testng.TestRunner.beforeRun(TestRunner.java:633)
at org.testng.TestRunner.run(TestRunner.java:595)
at org.testng.SuiteRunner.runTest(SuiteRunner.java:437)
at org.testng.SuiteRunner$SuiteWorker.run(SuiteRunner.java:475)
at org.testng.internal.thread.ThreadUtil.lambda$execute$0(ThreadUtil.java:58)
at java.base/java.util.concurrent.FutureTask.run(FutureTask.java:264)
at java.base/java.util.concurrent.ThreadPoolExecutor.runWorker(ThreadPoolExecutor.java:1128)
at java.base/java.util.concurrent.ThreadPoolExecutor$Worker.run(ThreadPoolExecutor.java:628)
at java.base/java.lang.Thread.run(Thread.java:834)
]]>
    </error>
  </testcase> <!-- setup -->
  <system-out/>
  <testcase classname="com.qa.opencart.tests.AccountsPageTest" name="isLogoutLinkExistTest" time="0.000">
    <skipped/>
  </testcase> <!-- isLogoutLinkExistTest -->
  <system-out/>
  <testcase classname="com.qa.opencart.tests.AccountsPageTest" name="searchTest" time="0.000">
    <skipped/>
  </testcase> <!-- searchTest -->
  <system-out/>
  <testcase classname="com.qa.opencart.tests.AccountsPageTest" name="accPageHeadersTest" time="0.000">
    <skipped/>
  </testcase> <!-- accPageHeadersTest -->
  <system-out/>
  <testcase classname="com.qa.opencart.tests.AccountsPageTest" name="accPageHeadersCountTest" time="0.000">
    <skipped/>
  </testcase> <!-- accPageHeadersCountTest -->
  <system-out/>
  <testcase classname="com.qa.opencart.tests.AccountsPageTest" name="accPageTitleTest" time="0.000">
    <skipped/>
  </testcase> <!-- accPageTitleTest -->
  <system-out/>
  <testcase classname="com.qa.opencart.tests.AccountsPageTest" name="searchCountTest" time="0.000">
    <skipped/>
  </testcase> <!-- searchCountTest -->
  <system-out/>
  <testcase classname="com.qa.opencart.tests.AccountsPageTest" name="searchCountTest" time="0.000">
    <skipped/>
  </testcase> <!-- searchCountTest -->
  <system-out/>
  <testcase classname="com.qa.opencart.tests.AccountsPageTest" name="searchTest" time="0.000">
    <skipped/>
  </testcase> <!-- searchTest -->
  <system-out/>
</testsuite> <!-- com.qa.opencart.tests.AccountsPageTest -->
