<?xml version="1.0" encoding="UTF-8"?>
<!-- Generated by org.testng.reporters.JUnitReportReporter -->
<testsuite hostname="Kundan" failures="0" tests="3" name="com.qa.opencart.tests.RegisterPageTest" time="10.827" errors="0" timestamp="2024-09-20T20:40:28 IST" skipped="0">
  <testcase classname="com.qa.opencart.tests.RegisterPageTest" name="userRegisterTest" time="3.366"/>
  <system-out/>
  <testcase classname="com.qa.opencart.tests.RegisterPageTest" name="userRegisterTest" time="3.609"/>
  <system-out/>
  <testcase classname="com.qa.opencart.tests.RegisterPageTest" name="userRegisterTest" time="3.852"/>
  <system-out/>
</testsuite> <!-- com.qa.opencart.tests.RegisterPageTest -->
